app/seeds.txt
net.iturrioz.lolgoldefficiency.BuildConfig
net.iturrioz.lolgoldefficiency.BuildConfig: boolean DEBUG
net.iturrioz.lolgoldefficiency.BuildConfig: java.lang.String APPLICATION_ID
net.iturrioz.lolgoldefficiency.BuildConfig: java.lang.String BUILD_TYPE
net.iturrioz.lolgoldefficiency.BuildConfig: java.lang.String FLAVOR
net.iturrioz.lolgoldefficiency.BuildConfig: int VERSION_CODE
net.iturrioz.lolgoldefficiency.BuildConfig: java.lang.String VERSION_NAME
net.iturrioz.lolgoldefficiency.BuildConfig: BuildConfig()
net.iturrioz.lolgoldefficiency.MainActivity
net.iturrioz.lolgoldefficiency.MainActivity: MainActivity()
net.iturrioz.lolgoldefficiency.MainActivity: void onCreate(android.os.Bundle)
net.iturrioz.lolgoldefficiency.MainActivity: void onBackPressed()
net.iturrioz.lolgoldefficiency.MainActivity: boolean onCreateOptionsMenu(android.view.Menu)
net.iturrioz.lolgoldefficiency.MainActivity: boolean onOptionsItemSelected(android.view.MenuItem)
net.iturrioz.lolgoldefficiency.MainActivity: boolean onNavigationItemSelected(android.view.MenuItem)
net.iturrioz.lolgoldefficiency.R
net.iturrioz.lolgoldefficiency.R: R()
net.iturrioz.lolgoldefficiency.R$anim
net.iturrioz.lolgoldefficiency.R$anim: int abc_fade_in
net.iturrioz.lolgoldefficiency.R$anim: int abc_fade_out
net.iturrioz.lolgoldefficiency.R$anim: int abc_grow_fade_in_from_bottom
net.iturrioz.lolgoldefficiency.R$anim: int abc_popup_enter
net.iturrioz.lolgoldefficiency.R$anim: int abc_popup_exit
net.iturrioz.lolgoldefficiency.R$anim: int abc_shrink_fade_out_from_bottom
net.iturrioz.lolgoldefficiency.R$anim: int abc_slide_in_bottom
net.iturrioz.lolgoldefficiency.R$anim: int abc_slide_in_top
net.iturrioz.lolgoldefficiency.R$anim: int abc_slide_out_bottom
net.iturrioz.lolgoldefficiency.R$anim: int abc_slide_out_top
net.iturrioz.lolgoldefficiency.R$anim: int design_fab_in
net.iturrioz.lolgoldefficiency.R$anim: int design_fab_out
net.iturrioz.lolgoldefficiency.R$anim: int design_snackbar_in
net.iturrioz.lolgoldefficiency.R$anim: int design_snackbar_out
net.iturrioz.lolgoldefficiency.R$anim: R$anim()
net.iturrioz.lolgoldefficiency.R$attr
net.iturrioz.lolgoldefficiency.R$attr: int actionBarDivider
net.iturrioz.lolgoldefficiency.R$attr: int actionBarItemBackground
net.iturrioz.lolgoldefficiency.R$attr: int actionBarPopupTheme
net.iturrioz.lolgoldefficiency.R$attr: int actionBarSize
net.iturrioz.lolgoldefficiency.R$attr: int actionBarSplitStyle
net.iturrioz.lolgoldefficiency.R$attr: int actionBarStyle
net.iturrioz.lolgoldefficiency.R$attr: int actionBarTabBarStyle
net.iturrioz.lolgoldefficiency.R$attr: int actionBarTabStyle
net.iturrioz.lolgoldefficiency.R$attr: int actionBarTabTextStyle
net.iturrioz.lolgoldefficiency.R$attr: int actionBarTheme
net.iturrioz.lolgoldefficiency.R$attr: int actionBarWidgetTheme
net.iturrioz.lolgoldefficiency.R$attr: int actionButtonStyle
net.iturrioz.lolgoldefficiency.R$attr: int actionDropDownStyle
net.iturrioz.lolgoldefficiency.R$attr: int actionLayout
net.iturrioz.lolgoldefficiency.R$attr: int actionMenuTextAppearance
net.iturrioz.lolgoldefficiency.R$attr: int actionMenuTextColor
net.iturrioz.lolgoldefficiency.R$attr: int actionModeBackground
net.iturrioz.lolgoldefficiency.R$attr: int actionModeCloseButtonStyle
net.iturrioz.lolgoldefficiency.R$attr: int actionModeCloseDrawable
net.iturrioz.lolgoldefficiency.R$attr: int actionModeCopyDrawable
net.iturrioz.lolgoldefficiency.R$attr: int actionModeCutDrawable
net.iturrioz.lolgoldefficiency.R$attr: int actionModeFindDrawable
net.iturrioz.lolgoldefficiency.R$attr: int actionModePasteDrawable
...
android.support.v4.app.NotificationCompat$Action$WearableExtender
android.support.v4.app.NotificationCompat$Action$WearableExtender: NotificationCompat$Action$WearableExtender()
android.support.v4.app.NotificationCompat$Action$WearableExtender: NotificationCompat$Action$WearableExtender(android.support.v4.app.NotificationCompat$Action)
android.support.v4.app.NotificationCompat$Action$WearableExtender: android.support.v4.app.NotificationCompat$Action$Builder extend(android.support.v4.app.NotificationCompat$Action$Builder)
android.support.v4.app.NotificationCompat$Action$WearableExtender: android.support.v4.app.NotificationCompat$Action$WearableExtender clone()
android.support.v4.app.NotificationCompat$Action$WearableExtender: android.support.v4.app.NotificationCompat$Action$WearableExtender setAvailableOffline(boolean)
android.support.v4.app.NotificationCompat$Action$WearableExtender: boolean isAvailableOffline()
android.support.v4.app.NotificationCompat$Action$WearableExtender: android.support.v4.app.NotificationCompat$Action$WearableExtender setInProgressLabel(java.lang.CharSequence)
android.support.v4.app.NotificationCompat$Action$WearableExtender: java.lang.CharSequence getInProgressLabel()
android.support.v4.app.NotificationCompat$Action$WearableExtender: android.support.v4.app.NotificationCompat$Action$WearableExtender setConfirmLabel(java.lang.CharSequence)
android.support.v4.app.NotificationCompat$Action$WearableExtender: java.lang.CharSequence getConfirmLabel()
android.support.v4.app.NotificationCompat$BigPictureStyle
android.support.v4.app.NotificationCompat$BigPictureStyle: NotificationCompat$BigPictureStyle()
android.support.v4.app.NotificationCompat$BigPictureStyle: NotificationCompat$BigPictureStyle(android.support.v4.app.NotificationCompat$Builder)
android.support.v4.app.NotificationCompat$BigPictureStyle: android.support.v4.app.NotificationCompat$BigPictureStyle setBigContentTitle(java.lang.CharSequence)
android.support.v4.app.NotificationCompat$BigPictureStyle: android.support.v4.app.NotificationCompat$BigPictureStyle setSummaryText(java.lang.CharSequence)
android.support.v4.app.NotificationCompat$BigPictureStyle: android.support.v4.app.NotificationCompat$BigPictureStyle bigPicture(android.graphics.Bitmap)
android.support.v4.app.NotificationCompat$BigPictureStyle: android.support.v4.app.NotificationCompat$BigPictureStyle bigLargeIcon(android.graphics.Bitmap)
android.support.v4.app.NotificationCompat$BigTextStyle
android.support.v4.app.NotificationCompat$BigTextStyle: NotificationCompat$BigTextStyle()
android.support.v4.app.NotificationCompat$BigTextStyle: NotificationCompat$BigTextStyle(android.support.v4.app.NotificationCompat$Builder)
android.support.v4.app.NotificationCompat$BigTextStyle: android.support.v4.app.NotificationCompat$BigTextStyle setBigContentTitle(java.lang.CharSequence)
android.support.v4.app.NotificationCompat$BigTextStyle: android.support.v4.app.NotificationCompat$BigTextStyle setSummaryText(java.lang.CharSequence)
android.support.v4.app.NotificationCompat$BigTextStyle: android.support.v4.app.NotificationCompat$BigTextStyle bigText(java.lang.CharSequence)