app/mapping.txt
net.iturrioz.lolgoldefficiency.BuildConfig -> net.iturrioz.lolgoldefficiency.BuildConfig:
    boolean DEBUG -> DEBUG
    java.lang.String APPLICATION_ID -> APPLICATION_ID
    java.lang.String BUILD_TYPE -> BUILD_TYPE
    java.lang.String FLAVOR -> FLAVOR
    int VERSION_CODE -> VERSION_CODE
    java.lang.String VERSION_NAME -> VERSION_NAME
    6:6:void <init>() -> <init>
net.iturrioz.lolgoldefficiency.MainActivity -> net.iturrioz.lolgoldefficiency.MainActivity:
    com.google.gson.Gson GSON -> k
    android.content.SharedPreferences sharedPref -> n
    net.iturrioz.lolgoldefficiency.data.StatValue stats -> o
    java.util.Map runeMap -> p
    java.util.List versions -> q
    java.lang.String version -> r
    android.support.design.widget.FloatingActionButton fabDownload -> l
    android.support.design.widget.NavigationView navigationView -> m
    android.view.View progressBar -> s
    android.widget.TextView progressText -> t
    android.widget.ListView listView -> u
    41:41:void <init>() -> <init>
    64:119:void onCreate(android.os.Bundle) -> onCreate
    123:129:void onBackPressed() -> onBackPressed
    133:134:boolean onCreateOptionsMenu(android.view.Menu) -> onCreateOptionsMenu
    146:146:boolean onOptionsItemSelected(android.view.MenuItem) -> onOptionsItemSelected
    153:172:boolean onNavigationItemSelected(android.view.MenuItem) -> onNavigationItemSelected
    180:180:android.os.AsyncTask downloadDataTask() -> b
    251:251:java.lang.String runesPreferencesKey() -> c
    256:256:java.lang.String statsPreferencesKey() -> d
    260:281:void getListOfVersions() -> e
    284:295:void persistVersionsList(java.util.List) -> a
    298:307:void loadStoredData() -> f
    310:322:void updateListView() -> g
    325:361:void updateListView(net.iturrioz.lolgoldefficiency.data.domain.Rune$RuneType,int,int) -> a
net.iturrioz.lolgoldefficiency.MainActivity$1 -> coe:
    net.iturrioz.lolgoldefficiency.MainActivity this$0 -> a
    74:74:void <init>(net.iturrioz.lolgoldefficiency.MainActivity) -> <init>
    77:80:void onClick(android.view.View) -> onClick
net.iturrioz.lolgoldefficiency.MainActivity$2 -> cof:
    net.iturrioz.lolgoldefficiency.MainActivity this$0 -> a
    85:85:void <init>(net.iturrioz.lolgoldefficiency.MainActivity,android.app.Activity,android.support.v4.widget.DrawerLayout,android.support.v7.widget.Toolbar,int,int) -> <init>
    88:93:void onDrawerOpened(android.view.View) -> onDrawerOpened
net.iturrioz.lolgoldefficiency.MainActivity$3 -> cog:
    net.iturrioz.lolgoldefficiency.MainActivity this$0 -> a
    180:180:void <init>(net.iturrioz.lolgoldefficiency.MainActivity) -> <init>
    184:189:void onPreExecute() -> onPreExecute
    194:227:java.lang.Void doInBackground(java.lang.String[]) -> a
    232:239:void onPostExecute(java.lang.Void) -> a
    243:246:void onProgressUpdate(java.lang.String[]) -> b
    180:180:void onProgressUpdate(java.lang.Object[]) -> onProgressUpdate
    180:180:void onPostExecute(java.lang.Object) -> onPostExecute
    180:180:java.lang.Object doInBackground(java.lang.Object[]) -> doInBackground
net.iturrioz.lolgoldefficiency.MainActivity$4 -> coh:
    net.iturrioz.lolgoldefficiency.MainActivity this$0 -> a
    260:260:void <init>(net.iturrioz.lolgoldefficiency.MainActivity) -> <init>
    263:263:java.util.List doInBackground(java.lang.Void[]) -> a
    268:279:void onPostExecute(java.util.List) -> a
    260:260:void onPostExecute(java.lang.Object) -> onPostExecute
    260:260:java.lang.Object doInBackground(java.lang.Object[]) -> doInBackground
net.iturrioz.lolgoldefficiency.MainActivity$5 -> coi:
    net.iturrioz.lolgoldefficiency.MainActivity this$0 -> d
    303:303:void <init>(net.iturrioz.lolgoldefficiency.MainActivity) -> <init>
...
com.google.gson.internal.bind.ReflectiveTypeAdapterFactory$BoundField -> cmk:
    java.lang.String name -> g
    boolean serialized -> h
    boolean deserialized -> i
    161:165:void <init>(java.lang.String,boolean,boolean) -> <init>
    boolean writeField(java.lang.Object) -> a
    void write(com.google.gson.stream.JsonWriter,java.lang.Object) -> a
    void read(com.google.gson.stream.JsonReader,java.lang.Object) -> a
com.google.gson.internal.bind.SqlDateTypeAdapter -> com.google.gson.internal.bind.SqlDateTypeAdapter:
    com.google.gson.TypeAdapterFactory FACTORY -> FACTORY
    java.text.DateFormat format -> a
    38:47:void <init>() -> <init>
    51:59:java.sql.Date read(com.google.gson.stream.JsonReader) -> read
    65:66:void write(com.google.gson.stream.JsonWriter,java.sql.Date) -> write
    38:38:java.lang.Object read(com.google.gson.stream.JsonReader) -> read
    38:38:void write(com.google.gson.stream.JsonWriter,java.lang.Object) -> write
    39:39:void <clinit>() -> <clinit>
com.google.gson.internal.bind.SqlDateTypeAdapter$1 -> cml:
    39:39:void <init>() -> <init>
    42:42:com.google.gson.TypeAdapter create(com.google.gson.Gson,com.google.gson.reflect.TypeToken) -> create
com.google.gson.internal.bind.TimeTypeAdapter -> com.google.gson.internal.bind.TimeTypeAdapter:
    com.google.gson.TypeAdapterFactory FACTORY -> FACTORY
    java.text.DateFormat format -> a
    40:48:void <init>() -> <init>
    51:59:java.sql.Time read(com.google.gson.stream.JsonReader) -> read
    64:65:void write(com.google.gson.stream.JsonWriter,java.sql.Time) -> write
    40:40:java.lang.Object read(com.google.gson.stream.JsonReader) -> read
    40:40:void write(com.google.gson.stream.JsonWriter,java.lang.Object) -> write
    41:41:void <clinit>() -> <clinit>
com.google.gson.internal.bind.TimeTypeAdapter$1 -> cmm:
    41:41:void <init>() -> <init>
    44:44:com.google.gson.TypeAdapter create(com.google.gson.Gson,com.google.gson.reflect.TypeToken) -> create
com.google.gson.internal.bind.TypeAdapterRuntimeTypeWrapper -> cmn:
    com.google.gson.Gson context -> a
    com.google.gson.TypeAdapter delegate -> b
    java.lang.reflect.Type type -> c
    32:36:void <init>(com.google.gson.Gson,com.google.gson.TypeAdapter,java.lang.reflect.Type) -> <init>
    40:40:java.lang.Object read(com.google.gson.stream.JsonReader) -> read
    52:69:void write(com.google.gson.stream.JsonWriter,java.lang.Object) -> write
    75:79:java.lang.reflect.Type getRuntimeTypeIfMoreSpecific(java.lang.reflect.Type,java.lang.Object) -> a
com.google.gson.internal.bind.TypeAdapters -> com.google.gson.internal.bind.TypeAdapters:
    com.google.gson.TypeAdapter CLASS -> CLASS
    com.google.gson.TypeAdapterFactory CLASS_FACTORY -> CLASS_FACTORY
    com.google.gson.TypeAdapter BIT_SET -> BIT_SET
    com.google.gson.TypeAdapterFactory BIT_SET_FACTORY -> BIT_SET_FACTORY
    com.google.gson.TypeAdapter BOOLEAN -> BOOLEAN
    com.google.gson.TypeAdapter BOOLEAN_AS_STRING -> BOOLEAN_AS_STRING
    com.google.gson.TypeAdapterFactory BOOLEAN_FACTORY -> BOOLEAN_FACTORY
    com.google.gson.TypeAdapter BYTE -> BYTE
    com.google.gson.TypeAdapterFactory BYTE_FACTORY -> BYTE_FACTORY
    com.google.gson.TypeAdapter SHORT -> SHORT
    com.google.gson.TypeAdapterFactory SHORT_FACTORY -> SHORT_FACTORY
    com.google.gson.TypeAdapter INTEGER -> INTEGER
    com.google.gson.TypeAdapterFactory INTEGER_FACTORY -> INTEGER_FACTORY
    com.google.gson.TypeAdapter LONG -> LONG
    com.google.gson.TypeAdapter FLOAT -> FLOAT
    com.google.gson.TypeAdapter DOUBLE -> DOUBLE
    com.google.gson.TypeAdapter NUMBER -> NUMBER
    com.google.gson.TypeAdapterFactory NUMBER_FACTORY -> NUMBER_FACTORY
    com.google.gson.TypeAdapter CHARACTER -> CHARACTER
    com.google.gson.TypeAdapterFactory CHARACTER_FACTORY -> CHARACTER_FACTORY
    com.google.gson.TypeAdapter STRING -> STRING
    com.google.gson.TypeAdapter BIG_DECIMAL -> BIG_DECIMAL
    com.google.gson.TypeAdapter BIG_INTEGER -> BIG_INTEGER