app/unused.txt
net.iturrioz.lolgoldefficiency.MainActivity:
    static final java.lang.String VERSION_KEY
    static final java.lang.String VERSION_LIST_KEY
net.iturrioz.lolgoldefficiency.data.domain.GoldValue:
    static final int LEVEL
...
com.google.common.collect.Constraint:
    public abstract java.lang.String toString()
com.google.common.collect.Constraints:
    38:38:private Constraints()
com.google.common.collect.FluentIterable$FromIterableFunction
com.google.common.collect.ForwardingImmutableCollection
com.google.common.collect.ForwardingImmutableList
com.google.common.collect.ForwardingImmutableMap
com.google.common.collect.ForwardingImmutableSet
com.google.common.collect.ForwardingMap$StandardEntrySet:
    262:262:java.util.Map map()
com.google.common.collect.ForwardingSortedMultiset$StandardDescendingMultiset:
    102:102:com.google.common.collect.SortedMultiset forwardMultiset()
com.google.common.collect.GeneralRange:
    private transient com.google.common.collect.GeneralRange reverse
    46:52:static com.google.common.collect.GeneralRange from(com.google.common.collect.Range)
    87:87:static com.google.common.collect.GeneralRange range(java.util.Comparator,java.lang.Object,com.google.common.collect.BoundType,java.lang.Object,com.google.common.collect.BoundType)
    141:141:boolean isEmpty()
    244:252:com.google.common.collect.GeneralRange reverse()
com.google.common.collect.GenericMapMaker:
    abstract com.google.common.collect.GenericMapMaker keyEquivalence(com.google.common.base.Equivalence)
    abstract com.google.common.collect.GenericMapMaker maximumSize(int)
    abstract com.google.common.collect.GenericMapMaker expireAfterWrite(long,java.util.concurrent.TimeUnit)
    abstract com.google.common.collect.GenericMapMaker expireAfterAccess(long,java.util.concurrent.TimeUnit)
com.google.common.collect.GwtTransient
com.google.common.collect.HashBiMap:
    private static final double LOAD_FACTOR
com.google.common.collect.HashMultimap:
    private static final int DEFAULT_VALUES_PER_KEY
com.google.common.collect.Hashing:
    private static final int C1
    private static final int C2
    33:33:private Hashing()
com.google.common.collect.ImmutableCollection$Builder:
    static final int DEFAULT_INITIAL_CAPACITY
com.google.common.collect.ImmutableMapEntry$TerminalEntry:
    53:54:ImmutableMapEntry$TerminalEntry(com.google.common.collect.ImmutableMapEntry)
com.google.common.collect.ImmutableMultimap$FieldSettersHolder:
    308:308:ImmutableMultimap$FieldSettersHolder()
com.google.common.collect.ImmutableSet:
    static final int MAX_TABLE_SIZE
    private static final double DESIRED_LOAD_FACTOR
    private static final int CUTOFF
com.google.common.collect.LinkedHashMultimap:
    private static final int DEFAULT_KEY_CAPACITY
    private static final int DEFAULT_VALUE_SET_CAPACITY
    static final double VALUE_SET_LOAD_FACTOR
com.google.common.collect.Lists:
    445:445:static java.util.List cartesianProduct(java.util.List)
    505:505:static varargs java.util.List cartesianProduct(java.util.List[])
com.google.common.collect.Lists$1:
    private static final long serialVersionUID
com.google.common.collect.Lists$2:
    private static final long serialVersionUID
com.google.common.collect.MapMaker:
    private static final int DEFAULT_INITIAL_CAPACITY
    private static final int DEFAULT_CONCURRENCY_LEVEL
    private static final int DEFAULT_EXPIRATION_NANOS
    static final int UNSET_INT
    105:105:bridge synthetic com.google.common.collect.GenericMapMaker expireAfterAccess(long,java.util.concurrent.TimeUnit)
    105:105:bridge synthetic com.google.common.collect.GenericMapMaker expireAfterWrite(long,java.util.concurrent.TimeUnit)
    105:105:bridge synthetic com.google.common.collect.GenericMapMaker maximumSize(int)
    105:105:bridge synthetic com.google.common.collect.GenericMapMaker keyEquivalence(com.google.common.base.Equivalence)
com.google.common.collect.MapMaker$RemovalCause:
    abstract boolean wasEvicted()
com.google.common.collect.MapMaker$RemovalCause$1:
    693:693:boolean wasEvicted()
com.google.common.collect.MapMaker$RemovalCause$2:
    706:706:boolean wasEvicted()